\BOOKMARK [1][-]{section.1}{\376\377\000O\000b\000j\000e\000c\000t\000i\000f\000\040\0001}{}% 1
\BOOKMARK [2][-]{subsection.1.1}{\376\377\000C\000o\000n\000f\000i\000g\000u\000r\000a\000t\000i\000o\000n\000\040\000S\000e\000r\000v\000e\000u\000r\000\040\000I\000P\000B\000X}{section.1}% 2
\BOOKMARK [3][-]{subsubsection.1.1.1}{\376\377\000C\000r\000\351\000e\000r\000\040\000u\000n\000e\000\040\000m\000a\000c\000h\000i\000n\000e\000\040\000v\000i\000r\000t\000u\000e\000l\000l\000e\000\040\000D\000e\000b\000i\000a\000n\0001\0001}{subsection.1.1}% 3
\BOOKMARK [3][-]{subsubsection.1.1.2}{\376\377\000I\000n\000s\000t\000a\000l\000l\000e\000z\000\040\000l\000'\000I\000P\000B\000X\000\040\000a\000s\000t\000e\000r\000i\000s\000k\000\040\000v\000i\000a\000\040\000l\000e\000\040\000s\000y\000s\000t\000\350\000m\000e\000\040\000d\000e\000\040\000p\000a\000q\000u\000e\000t\000s\000\040\000D\000e\000b\000i\000a\000n}{subsection.1.1}% 4
\BOOKMARK [3][-]{subsubsection.1.1.3}{\376\377\000P\000o\000u\000r\000\040\000l\000e\000\040\000s\000e\000r\000v\000i\000c\000e\000\040\000I\000P\000B\000X\000,\000\040\000d\000\351\000c\000l\000a\000r\000e\000z\000\040\000l\000e\000s\000\040\000d\000i\000f\000f\000\351\000r\000e\000n\000t\000s\000\040\000p\000o\000s\000t\000e\000s\000\040\000S\000I\000P}{subsection.1.1}% 5
\BOOKMARK [3][-]{subsubsection.1.1.4}{\376\377\000P\000o\000u\000r\000\040\000l\000e\000\040\000s\000e\000r\000v\000i\000c\000e\000\040\000I\000P\000B\000X\000,\000\040\000c\000r\000\351\000e\000r\000\040\000l\000e\000\040\000p\000l\000a\000n\000\040\000d\000e\000\040\000n\000u\000m\000\351\000r\000o\000t\000a\000t\000i\000o\000n}{subsection.1.1}% 6
\BOOKMARK [2][-]{subsection.1.2}{\376\377\000C\000o\000n\000f\000i\000g\000u\000r\000a\000t\000i\000o\000n\000\040\000T\000\351\000l\000\351\000p\000h\000o\000n\000e\000\040\000C\000l\000i\000e\000n\000t\000s}{section.1}% 7
\BOOKMARK [3][-]{subsubsection.1.2.1}{\376\377\000T\000\351\000l\000\351\000p\000h\000o\000n\000e\000\040\000l\000o\000g\000i\000c\000i\000e\000l\000\040\000L\000i\000n\000p\000h\000o\000n\000e}{subsection.1.2}% 8
\BOOKMARK [3][-]{subsubsection.1.2.2}{\376\377\000T\000\351\000l\000\351\000p\000h\000o\000n\000e\000\040\000m\000a\000t\000\351\000r\000i\000e\000l\000\040\000N\000o\000r\000t\000e\000l\000\040\000L\000I\000P\0006\0008\0001\0002}{subsection.1.2}% 9
\BOOKMARK [3][-]{subsubsection.1.2.3}{\376\377\000T\000\351\000l\000\351\000p\000h\000o\000n\000e\000\040\000M\000a\000t\000\351\000r\000i\000e\000l\000\040\000C\000i\000s\000c\000o\000\040\0007\0009\0004\0001\000G}{subsection.1.2}% 10
\BOOKMARK [2][-]{subsection.1.3}{\376\377\000V\000a\000l\000i\000d\000a\000t\000i\000o\000n\000\040\000d\000e\000s\000\040\000a\000p\000p\000e\000l\000s}{section.1}% 11
\BOOKMARK [1][-]{section.2}{\376\377\000O\000b\000j\000e\000c\000t\000i\000f\000\040\0002\000\040\000:\000\040\000C\000o\000n\000f\000i\000g\000u\000r\000a\000t\000i\000o\000n\000\040\000i\000n\000t\000e\000r\000-\000s\000i\000t\000e\000s}{}% 12
\BOOKMARK [2][-]{subsection.2.1}{\376\377\000A\000p\000p\000e\000l\000s\000\040\000i\000n\000t\000e\000r\000-\000s\000i\000t\000e\000s}{section.2}% 13
\BOOKMARK [3][-]{subsubsection.2.1.1}{\376\377\000S\000u\000r\000\040\000l\000'\000I\000P\000B\000X\000,\000\040\000i\000n\000s\000c\000r\000i\000r\000e\000\040\000l\000e\000\040\000f\000a\000i\000c\000e\000a\000u\000\040\000S\000I\000P}{subsection.2.1}% 14
\BOOKMARK [3][-]{subsubsection.2.1.2}{\376\377\000D\000a\000n\000s\000\040\000l\000e\000\040\000p\000l\000a\000n\000\040\000d\000e\000\040\000n\000u\000m\000\351\000r\000o\000t\000a\000t\000i\000o\000n\000,\000\040\000a\000j\000o\000u\000t\000e\000z\000\040\000l\000e\000\040\000p\000r\000\351\000f\000i\000x\000\040\000*}{subsection.2.1}% 15
\BOOKMARK [3][-]{subsubsection.2.1.3}{\376\377\000V\000a\000l\000i\000d\000e\000z\000\040\000l\000e\000s\000\040\000a\000p\000p\000e\000l\000s\000\040\000e\000n\000t\000r\000a\000n\000t\000s\000\040\000e\000t\000\040\000s\000o\000r\000t\000a\000n\000t\000s\000\040\000e\000n\000t\000r\000e\000\040\000c\000a\000b\000i\000n\000e\000t\000s\000\040\000m\000\351\000d\000i\000c\000a\000u\000x}{subsection.2.1}% 16
\BOOKMARK [2][-]{subsection.2.2}{\376\377\000A\000p\000p\000e\000l\000s\000\040\000e\000x\000t\000e\000r\000n\000e\000s}{section.2}% 17
\BOOKMARK [3][-]{subsubsection.2.2.1}{\376\377\000A\000j\000o\000u\000t\000e\000z\000\040\000l\000e\000s\000\040\000n\000u\000m\000\351\000r\000o\000s\000\040\000\340\000\040\0001\0000\000\040\000c\000h\000i\000f\000f\000r\000e\000s\000\040\000p\000o\000u\000r\000\040\000l\000e\000s\000\040\000a\000p\000p\000e\000l\000s\000\040\000e\000x\000t\000\351\000r\000i\000e\000u\000r\000s\000\040\000v\000i\000a\000\040\000l\000e\000\040\000f\000a\000i\000s\000c\000e\000a\000u}{subsection.2.2}% 18
\BOOKMARK [3][-]{subsubsection.2.2.2}{\376\377\000V\000a\000l\000i\000d\000e\000z\000\040\000l\000e\000s\000\040\000a\000p\000p\000e\000l\000s\000\040\000e\000x\000t\000e\000r\000n\000e\000s\000\040\000v\000e\000r\000s\000\040\000\050\0000\0001\0001\0002\0003\0004\0005\0006\0007\0008\000\051}{subsection.2.2}% 19
\BOOKMARK [1][-]{section.3}{\376\377\000O\000b\000j\000e\000c\000t\000i\000f\000\040\0003\000\040\000:\000\040\000F\000o\000n\000c\000t\000i\000o\000n\000s\000\040\000t\000\351\000l\000\351\000p\000h\000o\000n\000i\000q\000u\000e\000s}{}% 20
\BOOKMARK [2][-]{subsection.3.1}{\376\377\000T\000r\000a\000n\000s\000f\000e\000r\000t\000\040\000d\000'\000a\000p\000p\000e\000l\000s}{section.3}% 21
\BOOKMARK [3][-]{subsubsection.3.1.1}{\376\377\000A\000c\000t\000i\000v\000e\000z\000\040\000l\000e\000\040\000t\000r\000a\000n\000s\000f\000e\000r\000t\000\040\000d\000'\000a\000p\000p\000e\000l\000s\000\040\000c\000\364\000t\000\351\000\040\000I\000P\000B\000X}{subsection.3.1}% 22
\BOOKMARK [3][-]{subsubsection.3.1.2}{\376\377\000V\000a\000l\000i\000d\000e\000z\000\040\000l\000e\000\040\000f\000o\000n\000c\000t\000i\000o\000n\000n\000e\000m\000e\000n\000t\000\040\000d\000a\000n\000s\000\040\000l\000'\000e\000n\000s\000e\000m\000b\000l\000e\000\040\000d\000e\000s\000\040\000c\000a\000s\000\040\000p\000o\000s\000s\000i\000b\000l\000e\000s}{subsection.3.1}% 23
\BOOKMARK [3][-]{subsubsection.3.1.3}{\376\377\000P\000o\000u\000r\000\040\000c\000h\000a\000q\000u\000e\000\040\000t\000\351\000l\000\351\000p\000h\000o\000n\000e\000,\000\040\000d\000\351\000f\000i\000n\000i\000s\000s\000e\000z\000\040\000u\000n\000\040\000n\000u\000m\000\351\000r\000o\000\040\000d\000e\000\040\000t\000r\000a\000n\000s\000f\000e\000r\000t}{subsection.3.1}% 24
\BOOKMARK [2][-]{subsection.3.2}{\376\377\000M\000i\000s\000e\000\040\000e\000n\000\040\000a\000t\000t\000e\000n\000t\000e}{section.3}% 25
\BOOKMARK [3][-]{subsubsection.3.2.1}{\376\377\000T\000r\000o\000u\000v\000e\000z\000\040\000u\000n\000e\000\040\000m\000i\000s\000e\000\040\000e\000n\000\040\000a\000t\000t\000e\000n\000t\000e\000\040\000p\000e\000r\000s\000o\000n\000n\000a\000l\000i\000s\000\351\000e}{subsection.3.2}% 26
\BOOKMARK [3][-]{subsubsection.3.2.2}{\376\377\000E\000n\000c\000o\000d\000e\000z\000\040\000l\000a\000\040\000m\000u\000s\000i\000q\000u\000e\000\040\000d\000a\000n\000s\000\040\000l\000e\000\040\000f\000o\000r\000m\000a\000t\000\040\000a\000p\000p\000r\000o\000p\000r\000i\000\351}{subsection.3.2}% 27
\BOOKMARK [2][-]{subsection.3.3}{\376\377\000I\000n\000t\000e\000r\000c\000e\000p\000t\000i\000o\000n\000\040\000d\000'\000a\000p\000p\000e\000l\000s}{section.3}% 28
\BOOKMARK [3][-]{subsubsection.3.3.1}{\376\377\000D\000\351\000f\000i\000n\000i\000r\000\040\000u\000n\000\040\000g\000r\000o\000u\000p\000e\000\040\000d\000'\000a\000p\000p\000e\000l\000\040\000A\000s\000s\000i\000s\000t\000a\000n\000t\000\040\000e\000t\000\040\000S\000e\000c\000r\000\351\000t\000a\000i\000r\000e}{subsection.3.3}% 29
\BOOKMARK [3][-]{subsubsection.3.3.2}{\376\377\000A\000c\000t\000i\000v\000e\000z\000\040\000l\000'\000i\000n\000t\000e\000r\000c\000e\000p\000t\000i\000o\000n\000\040\000d\000'\000a\000p\000p\000e\000l\000\040\000p\000o\000u\000r\000\040\000l\000e\000\040\000g\000r\000o\000u\000p\000e\000\040\000p\000r\000\351\000c\000\351\000d\000e\000n\000t}{subsection.3.3}% 30
\BOOKMARK [3][-]{subsubsection.3.3.3}{\376\377\000V\000a\000l\000i\000d\000e\000z\000\040\000l\000'\000i\000n\000t\000e\000r\000c\000e\000p\000t\000i\000o\000n\000\040\000d\000'\000a\000p\000p\000e\000l\000s}{subsection.3.3}% 31
\BOOKMARK [2][-]{subsection.3.4}{\376\377\000E\000n\000r\000e\000g\000i\000s\000t\000r\000e\000m\000e\000n\000t\000\040\000d\000e\000\040\000c\000o\000n\000v\000e\000r\000s\000a\000t\000i\000o\000n}{section.3}% 32
\BOOKMARK [3][-]{subsubsection.3.4.1}{\376\377\000A\000c\000t\000i\000v\000e\000z\000\040\000l\000'\000e\000n\000r\000e\000g\000i\000s\000t\000r\000e\000m\000e\000n\000t\000\040\000d\000e\000\040\000c\000o\000n\000v\000e\000r\000s\000a\000t\000i\000o\000n\000\040\000c\000\364\000t\000\351\000\040\000s\000e\000r\000v\000e\000u\000r}{subsection.3.4}% 33
